1744291206.3573985: BEGIN 1744291206357
1744291206.3573985: INSERT 1744291206357 table1 {'id': 5, 'name': 'Eve'}
1744291206.3573985: COMMIT 1744291206357
1744291206.3596067: BEGIN 1744291206359
1744291206.3596067: INSERT 1744291206359 table2 {'product_id': 202, 'price': 39.99}
1744291206.3607123: COMMIT 1744291206359
1744291830.1555045: BEGIN 1744291830155
1744291830.2000465: INSERT 1744291830155 table1 {'id': 1, 'name': 'Alice'}
1744291830.2322304: COMMIT 1744291830155
1744291830.2954385: BEGIN 1744291830295
1744291830.3297257: INSERT 1744291830295 table2 {'product_id': 100, 'price': 19.99}
1744291830.3479815: COMMIT 1744291830295
1744291976.5997694: BEGIN 1744291976599
1744291976.626678: INSERT 1744291976599 table1 {'id': 1, 'name': 'Alice'}
1744291976.6442723: COMMIT 1744291976599
1744291976.6996703: BEGIN 1744291976699
1744291976.7266116: INSERT 1744291976699 table2 {'product_id': 100, 'price': 19.99}
1744291976.7425468: COMMIT 1744291976699
1744292238.9771807: BEGIN 1744292238977
1744292239.0115612: INSERT 1744292238977 table1 {'id': 1, 'name': 'Alice'}
1744292239.055731: COMMIT 1744292238977
1744292239.1686597: BEGIN 1744292239168
1744292239.221542: INSERT 1744292239168 table2 {'product_id': 100, 'price': 19.99}
1744292239.263423: COMMIT 1744292239168
1744292262.510944: BEGIN 1744292262510
1744292262.5402794: INSERT 1744292262510 table1 {'id': 1, 'name': 'Alice'}
1744292262.563201: COMMIT 1744292262510
1744292262.6216712: BEGIN 1744292262621
1744292262.6426427: INSERT 1744292262621 table2 {'product_id': 100, 'price': 19.99}
1744292262.6573107: COMMIT 1744292262621
1744292318.704967: BEGIN 1744292318704
1744292318.7454598: INSERT 1744292318704 table1 {'id': 1, 'name': 'Alice'}
1744292318.7627852: COMMIT 1744292318704
1744292318.8261027: BEGIN 1744292318826
1744292318.8478205: INSERT 1744292318826 table2 {'product_id': 100, 'price': 19.99}
1744292318.8701043: COMMIT 1744292318826
1744292351.501636: BEGIN 1744292351501
1744292351.5271325: INSERT 1744292351501 table1 {'id': 1, 'name': 'Alice'}
1744292351.546887: COMMIT 1744292351501
1744292351.5863285: BEGIN 1744292351586
1744292351.615493: INSERT 1744292351586 table2 {'product_id': 100, 'price': 19.99}
1744292351.6298037: COMMIT 1744292351586
1744292351.7121906: BEGIN 1744292351712
1744292351.7373934: INSERT 1744292351712 table3 {'user_id': 200, 'email': 'john@example.com', 'age': 28}
1744292351.7461078: COMMIT 1744292351712
1744304885.3067973: BEGIN 1744304885306
1744304885.3307562: INSERT 1744304885306 table3 {'user_id': 200, 'email': 'john@example.com', 'age': 28}
1744304885.3532467: COMMIT 1744304885306
1744305117.340482: BEGIN 1744305117340
1744305117.3709674: INSERT 1744305117340 table3 {'user_id': 200, 'email': 'john@example.com', 'age': 28}
1744305117.3938646: COMMIT 1744305117340
1744305569.2189896: CREATE TABLE table4 ["student_id", "index", "name", "age"] PRIMARY_KEY student_id
1744305735.2910888: CREATE TABLE table5 ["student_id", "index", "name", "age"] PRIMARY_KEY student_id
